This file contains any messages produced by compilers while
running configure, to aid debugging if configure makes a mistake.

It was created by ESPRESSO configure 6.1, which was
generated by GNU Autoconf 2.63.  Invocation command line was

  $ ./install/configure --prefix=/scratch/users/dasc/Projects/Builds/OCEAN-HOME/qe-6.1 --with-scalapack --enable-parallel

## --------- ##
## Platform. ##
## --------- ##

hostname = sherlock-ln04.stanford.edu
uname -m = x86_64
uname -r = 2.6.32-696.3.2.el6.x86_64
uname -s = Linux
uname -v = #1 SMP Tue Jun 20 01:26:55 UTC 2017

/usr/bin/uname -p = unknown
/bin/uname -X     = unknown

/bin/arch              = x86_64
/usr/bin/arch -k       = unknown
/usr/convex/getsysinfo = unknown
/usr/bin/hostinfo      = unknown
/bin/machine           = unknown
/usr/bin/oslevel       = unknown
/bin/universe          = unknown

PATH: /share/sw/free/openmpi/1.8.7/intel/2015/bin
PATH: /share/sw/licensed/intel/pstudio_xe_cluster-2015/impi/5.0.1.035/intel64/bin
PATH: /share/sw/licensed/intel/pstudio_xe_cluster-2015/composer_xe_2015.0.090/debugger/gdb/intel64_mic/bin
PATH: /share/sw/licensed/intel/pstudio_xe_cluster-2015/composer_xe_2015.0.090/mpirt/bin/intel64
PATH: /share/sw/licensed/intel/pstudio_xe_cluster-2015/composer_xe_2015.0.090/bin/intel64
PATH: /share/sw/licensed/intel/pstudio_xe_cluster-2015/itac/9.0.1.033/intel64/bin
PATH: /share/sw/licensed/intel/pstudio_xe_cluster-2015/inspector_xe_2015.1.0.366509/bin64
PATH: /share/sw/licensed/intel/pstudio_xe_cluster-2015/vtune_amplifier_xe_2015.1.0.367959/bin64
PATH: /share/sw/licensed/intel/pstudio_xe_cluster-2015/advisor_xe_2015.1.0.367266/bin64
PATH: /share/sw/licensed/intel/pstudio_xe_cluster-2015/bin
PATH: /share/sw/srcc/bin
PATH: /usr/lib64/qt-3.3/bin
PATH: /usr/local/bin
PATH: /bin
PATH: /usr/bin
PATH: /usr/local/sbin
PATH: /usr/sbin
PATH: /sbin
PATH: /opt/pdsh/bin
PATH: /opt/rocks/bin
PATH: /opt/rocks/sbin
PATH: /opt/dell/srvadmin/bin
PATH: /home/dasc/bin


## ----------- ##
## Core tests. ##
## ----------- ##

configure:1985: checking build system type
configure:2003: result: x86_64-pc-linux-gnu
configure:2029: checking ARCH
configure:2077: result: x86_64
configure:2099: checking setting AR... 
configure:2105: result: ar
configure:2109: checking setting ARFLAGS... 
configure:2124: result: ruv
configure:2363: checking for Fortran compiler version
configure:2371: ifort --version >&5
ifort (IFORT) 15.0.0 20140723
Copyright (C) 1985-2014 Intel Corporation.  All rights reserved.

configure:2375: $? = 0
configure:2382: ifort -v >&5
ifort version 15.0.0
configure:2386: $? = 0
configure:2393: ifort -V >&5
Intel(R) Fortran Intel(R) 64 Compiler XE for applications running on Intel(R) 64, Version 15.0.0.090 Build 20140723
Copyright (C) 1985-2014 Intel Corporation.  All rights reserved.

configure:2397: $? = 0
configure:2411: checking for Fortran compiler default output file name
configure:2433: ifort    conftest.f  >&5
configure:2437: $? = 0
configure:2475: result: a.out
configure:2494: checking whether the Fortran compiler works
configure:2504: ./a.out
configure:2508: $? = 0
configure:2527: result: yes
configure:2534: checking whether we are cross compiling
configure:2536: result: no
configure:2539: checking for suffix of executables
configure:2546: ifort -o conftest    conftest.f  >&5
configure:2550: $? = 0
configure:2576: result: 
configure:2582: checking for suffix of object files
configure:2598: ifort -c   conftest.f >&5
configure:2602: $? = 0
configure:2627: result: o
configure:2635: checking whether we are using the GNU Fortran compiler
configure:2654: ifort -c   conftest.F >&5
conftest.F(3): error #5082: Syntax error, found END-OF-STATEMENT when expecting one of: ( % [ : . = =>
       choke me
---------------^
conftest.F(3): error #6218: This statement is positioned incorrectly and/or has syntax errors.
       choke me
---------------^
compilation aborted for conftest.F (code 1)
configure:2661: $? = 1
configure: failed program was:
|       program main
| #ifndef __GNUC__
|        choke me
| #endif
| 
|       end
configure:2678: result: no
configure:2684: checking whether ifort accepts -g
configure:2701: ifort -c -g  conftest.f >&5
configure:2708: $? = 0
configure:2724: result: yes
configure:2753: checking for Fortran flag to compile .f90 files
configure:2775: ifort -c -g  conftest.f90 >&5
configure:2782: $? = 0
configure:2801: result: none
configure:2888: checking for mpif90
configure:2904: found /share/sw/free/openmpi/1.8.7/intel/2015/bin/mpif90
configure:2915: result: mpif90
configure:2941: checking for Fortran compiler version
configure:2949: mpif90 --version >&5
ifort (IFORT) 15.0.0 20140723
Copyright (C) 1985-2014 Intel Corporation.  All rights reserved.

configure:2953: $? = 0
configure:2960: mpif90 -v >&5
ifort version 15.0.0
configure:2964: $? = 0
configure:2971: mpif90 -V >&5
Intel(R) Fortran Intel(R) 64 Compiler XE for applications running on Intel(R) 64, Version 15.0.0.090 Build 20140723
Copyright (C) 1985-2014 Intel Corporation.  All rights reserved.

configure:2975: $? = 0
configure:2983: checking whether we are using the GNU Fortran compiler
configure:3002: mpif90 -c -g  conftest.F >&5
conftest.F(3): error #5082: Syntax error, found END-OF-STATEMENT when expecting one of: ( % [ : . = =>
       choke me
---------------^
conftest.F(3): error #6218: This statement is positioned incorrectly and/or has syntax errors.
       choke me
---------------^
compilation aborted for conftest.F (code 1)
configure:3009: $? = 1
configure: failed program was:
|       program main
| #ifndef __GNUC__
|        choke me
| #endif
| 
|       end
configure:3026: result: no
configure:3032: checking whether mpif90 accepts -g
configure:3049: mpif90 -c -g  conftest.f90 >&5
configure:3056: $? = 0
configure:3072: result: yes
configure:3691: checking for C compiler version
configure:3699: icc --version >&5
icc (ICC) 15.0.0 20140723
Copyright (C) 1985-2014 Intel Corporation.  All rights reserved.

configure:3703: $? = 0
configure:3710: icc -v >&5
icc version 15.0.0 (gcc version 4.4.7 compatibility)
configure:3714: $? = 0
configure:3721: icc -V >&5
Intel(R) C Intel(R) 64 Compiler XE for applications running on Intel(R) 64, Version 15.0.0.090 Build 20140723
Copyright (C) 1985-2014 Intel Corporation.  All rights reserved.

configure:3725: $? = 0
configure:3728: checking whether we are using the GNU C compiler
configure:3757: icc -c -xHost -mieee-fp  conftest.c >&5
configure:3764: $? = 0
configure:3781: result: yes
configure:3790: checking whether icc accepts -g
configure:3820: icc -c -g  conftest.c >&5
configure:3827: $? = 0
configure:3928: result: yes
configure:3945: checking for icc option to accept ISO C89
configure:4019: icc  -c -xHost -mieee-fp  conftest.c >&5
configure:4026: $? = 0
configure:4049: result: none needed
configure:4139: checking how to run the C preprocessor
configure:4179: icc -E  conftest.c
configure:4186: $? = 0
configure:4217: icc -E  conftest.c
conftest.c(8): error #2379: cannot open source file "ac_nonexistent.h"
  #include <ac_nonexistent.h>
                             ^

configure:4224: $? = 2
configure: failed program was:
| /* confdefs.h.  */
| #define PACKAGE_NAME "ESPRESSO"
| #define PACKAGE_TARNAME "espresso"
| #define PACKAGE_VERSION "6.1"
| #define PACKAGE_STRING "ESPRESSO 6.1"
| #define PACKAGE_BUGREPORT ""
| /* end confdefs.h.  */
| #include <ac_nonexistent.h>
configure:4257: result: icc -E
configure:4286: icc -E  conftest.c
configure:4293: $? = 0
configure:4324: icc -E  conftest.c
conftest.c(8): error #2379: cannot open source file "ac_nonexistent.h"
  #include <ac_nonexistent.h>
                             ^

configure:4331: $? = 2
configure: failed program was:
| /* confdefs.h.  */
| #define PACKAGE_NAME "ESPRESSO"
| #define PACKAGE_TARNAME "espresso"
| #define PACKAGE_VERSION "6.1"
| #define PACKAGE_STRING "ESPRESSO 6.1"
| #define PACKAGE_BUGREPORT ""
| /* end confdefs.h.  */
| #include <ac_nonexistent.h>
configure:4371: checking for grep that handles long lines and -e
configure:4431: result: /bin/grep
configure:4436: checking for egrep
configure:4500: result: /bin/grep -E
configure:4505: checking for ANSI C header files
configure:4535: icc -c -xHost -mieee-fp  conftest.c >&5
configure:4542: $? = 0
configure:4641: icc -o conftest -xHost -mieee-fp   conftest.c  >&5
configure:4645: $? = 0
configure:4651: ./conftest
configure:4655: $? = 0
configure:4673: result: yes
configure:4697: checking for sys/types.h
configure:4718: icc -c -xHost -mieee-fp  conftest.c >&5
configure:4725: $? = 0
configure:4742: result: yes
configure:4697: checking for sys/stat.h
configure:4718: icc -c -xHost -mieee-fp  conftest.c >&5
configure:4725: $? = 0
configure:4742: result: yes
configure:4697: checking for stdlib.h
configure:4718: icc -c -xHost -mieee-fp  conftest.c >&5
configure:4725: $? = 0
configure:4742: result: yes
configure:4697: checking for string.h
configure:4718: icc -c -xHost -mieee-fp  conftest.c >&5
configure:4725: $? = 0
configure:4742: result: yes
configure:4697: checking for memory.h
configure:4718: icc -c -xHost -mieee-fp  conftest.c >&5
configure:4725: $? = 0
configure:4742: result: yes
configure:4697: checking for strings.h
configure:4718: icc -c -xHost -mieee-fp  conftest.c >&5
configure:4725: $? = 0
configure:4742: result: yes
configure:4697: checking for inttypes.h
configure:4718: icc -c -xHost -mieee-fp  conftest.c >&5
configure:4725: $? = 0
configure:4742: result: yes
configure:4697: checking for stdint.h
configure:4718: icc -c -xHost -mieee-fp  conftest.c >&5
configure:4725: $? = 0
configure:4742: result: yes
configure:4697: checking for unistd.h
configure:4718: icc -c -xHost -mieee-fp  conftest.c >&5
configure:4725: $? = 0
configure:4742: result: yes
configure:4765: checking size of int *
configure:5070: icc -o conftest -xHost -mieee-fp   conftest.c  >&5
configure:5074: $? = 0
configure:5080: ./conftest
configure:5084: $? = 0
configure:5110: result: 8
configure:5134: checking malloc.h usability
configure:5151: icc -c -xHost -mieee-fp  conftest.c >&5
configure:5158: $? = 0
configure:5172: result: yes
configure:5176: checking malloc.h presence
configure:5191: icc -E  conftest.c
configure:5198: $? = 0
configure:5212: result: yes
configure:5240: checking for malloc.h
configure:5247: result: yes
configure:5260: checking for struct mallinfo.arena
configure:5289: icc -c -xHost -mieee-fp  conftest.c >&5
configure:5296: $? = 0
configure:5355: result: yes
configure:5507: checking for Fortran 77 compiler version
configure:5515: ifort --version >&5
ifort (IFORT) 15.0.0 20140723
Copyright (C) 1985-2014 Intel Corporation.  All rights reserved.

configure:5519: $? = 0
configure:5526: ifort -v >&5
ifort version 15.0.0
configure:5530: $? = 0
configure:5537: ifort -V >&5
Intel(R) Fortran Intel(R) 64 Compiler XE for applications running on Intel(R) 64, Version 15.0.0.090 Build 20140723
Copyright (C) 1985-2014 Intel Corporation.  All rights reserved.

configure:5541: $? = 0
configure:5549: checking whether we are using the GNU Fortran 77 compiler
configure:5568: ifort -c -xHost -mieee-fp conftest.F >&5
conftest.F(3): error #5082: Syntax error, found END-OF-STATEMENT when expecting one of: ( % [ : . = =>
       choke me
---------------^
conftest.F(3): error #6218: This statement is positioned incorrectly and/or has syntax errors.
       choke me
---------------^
compilation aborted for conftest.F (code 1)
configure:5575: $? = 1
configure: failed program was:
|       program main
| #ifndef __GNUC__
|        choke me
| #endif
| 
|       end
configure:5592: result: no
configure:5598: checking whether ifort accepts -g
configure:5615: ifort -c -g conftest.f >&5
configure:5622: $? = 0
configure:5638: result: yes
configure:6047: checking whether make sets $(MAKE)
configure:6069: result: yes
configure:6099: checking how to get verbose linking output from ifort
configure:6115: ifort -c -xHost -mieee-fp conftest.f >&5
configure:6122: $? = 0
configure:6144: ifort -o conftest -xHost -mieee-fp -v conftest.f
ifort version 15.0.0
/share/sw/licensed/intel/pstudio_xe_cluster-2015/composer_xe_2015.0.090/bin/intel64/fortcom    -D__INTEL_COMPILER=1500 -D__INTEL_COMPILER_UPDATE=0 -D__unix__ -D__unix -D__linux__ -D__linux -D__gnu_linux__ -Dunix -Dlinux -D__ELF__ -D__x86_64 -D__x86_64__ -D__amd64 -D__amd64__ -D_MT -D__INTEL_COMPILER_BUILD_DATE=20140723 -D__INTEL_OFFLOAD -D__pentium4 -D__pentium4__ -D__tune_pentium4__ -D__SSE2__ -D__SSE2_MATH__ -D__SSE3__ -D__SSSE3__ -D__SSE4_1__ -D__SSE4_2__ -D__SSE__ -D__SSE_MATH__ -D__MMX__ -D__AVX__ -D__AVX_I__ -D__AVX2__ -mGLOB_pack_sort_init_list -I. -I/share/sw/free/openmpi/1.8.7/intel/2015/include -I/share/sw/licensed/intel/pstudio_xe_cluster-2015/composer_xe_2015.0.090/tbb/include -I/share/sw/licensed/intel/pstudio_xe_cluster-2015/composer_xe_2015.0.090/mkl/include -I/share/sw/licensed/intel/pstudio_xe_cluster-2015/composer_xe_2015.0.090/ipp/include -I/share/sw/licensed/intel/pstudio_xe_cluster-2015/composer_xe_2015.0.090/compiler/include/intel64 -I/share/sw/licensed/intel/pstudio_xe_cluster-2015/composer_xe_2015.0.090/compiler/include -I/usr/local/include -I/usr/lib/gcc/x86_64-redhat-linux/4.4.7/include -I/usr/include/ -I/usr/include "-fp_modspec fp_speculation_SAFE" "-fp_legacy Op" -O2 -simd -offload_host -mP1OPT_version=15.0-intel64 -mGLOB_diag_file=/local-scratch/dasc/26689/ifortwNLfA1.diag -mGLOB_source_language=GLOB_SOURCE_LANGUAGE_F90 -mP2OPT_static_promotion -mP1OPT_print_version=FALSE -mCG_use_gas_got_workaround=F -mP2OPT_align_option_used=TRUE -mGLOB_gcc_version=447 "-mGLOB_options_string=-o conftest -xHost -mieee-fp -v" -mGLOB_cxx_limited_range=FALSE -mCG_extend_parms=FALSE -mGLOB_compiler_bin_directory=/share/sw/licensed/intel/pstudio_xe_cluster-2015/composer_xe_2015.0.090/bin/intel64 -mGLOB_as_output_backup_file_name=/local-scratch/dasc/26689/ifortzQBbgkas_.s -mIPOPT_activate -mIPOPT_lite -mGLOB_em64t -mGLOB_instruction_tuning=0x0 -mGLOB_product_id_code=0x22006d8f -mCG_bnl_movbe=T -mGLOB_maintain_precision -mGLOB_fp_speculation=GLOB_FP_SPECULATION_SAFE -mGLOB_precision_mask=0xffffffff -mGLOB_extended_instructions=0x4000 -mGLOB_advanced_optim=TRUE -mP3OPT_use_mspp_call_convention -mP2OPT_subs_out_of_bound=FALSE -mGLOB_ansi_alias -mPGOPTI_value_profile_use=T -mGLOB_opt_report_use_source_name -mP2OPT_il0_array_sections=TRUE -mGLOB_offload_mode=1 -mP2OPT_offload_unique_var_string=ifort940882052Oexh7O -mP2OPT_hlo_level=2 -mP2OPT_hlo -mP2OPT_hpo_rtt_control=0 -mIPOPT_args_in_regs=0 -mP2OPT_disam_assume_nonstd_intent_in=FALSE -mGLOB_imf_mapping_library=/share/sw/licensed/intel/pstudio_xe_cluster-2015/composer_xe_2015.0.090/bin/intel64/libiml_attr.so -mIPOPT_single_file_compile_and_link=TRUE -mPGOPTI_gen_threadsafe_level=0 -mIPOPT_obj_output_file_name=/local-scratch/dasc/26689/ifortwNLfA1.o -mIPOPT_whole_archive_fixup_file_name=/local-scratch/dasc/26689/ifortwarchKuk0WC -mGLOB_linker_version=2.20.51.0.2 -mGLOB_long_size_64 -mGLOB_routine_pointer_size_64 -mGLOB_driver_tempfile_name=/local-scratch/dasc/26689/iforttempfile1BCBiM -mP3OPT_asm_target=P3OPT_ASM_TARGET_GAS -mGLOB_async_unwind_tables=TRUE -mGLOB_obj_output_file=/local-scratch/dasc/26689/ifortwNLfA1.o -mGLOB_source_dialect=GLOB_SOURCE_DIALECT_FORTRAN -mP1OPT_source_file_name=conftest.f -mP2OPT_symtab_type_copy=true conftest.f
#include "..." search starts here:
#include <...> search starts here:
 .
 /share/sw/free/openmpi/1.8.7/intel/2015/include
 /share/sw/licensed/intel/pstudio_xe_cluster-2015/composer_xe_2015.0.090/tbb/include
 /share/sw/licensed/intel/pstudio_xe_cluster-2015/composer_xe_2015.0.090/mkl/include
 /share/sw/licensed/intel/pstudio_xe_cluster-2015/composer_xe_2015.0.090/ipp/include
 /share/sw/licensed/intel/pstudio_xe_cluster-2015/composer_xe_2015.0.090/compiler/include/intel64
 /share/sw/licensed/intel/pstudio_xe_cluster-2015/composer_xe_2015.0.090/compiler/include
 /usr/local/include
 /usr/lib/gcc/x86_64-redhat-linux/4.4.7/include
 /usr/include/
 /usr/include
End of search list.
ld    /usr/lib/gcc/x86_64-redhat-linux/4.4.7/../../../../lib64/crt1.o /usr/lib/gcc/x86_64-redhat-linux/4.4.7/../../../../lib64/crti.o /usr/lib/gcc/x86_64-redhat-linux/4.4.7/crtbegin.o --eh-frame-hdr --build-id -dynamic-linker /lib64/ld-linux-x86-64.so.2 -m elf_x86_64 -o conftest /share/sw/licensed/intel/pstudio_xe_cluster-2015/composer_xe_2015.0.090/compiler/lib/intel64/for_main.o -L/share/sw/free/openmpi/1.8.7/intel/2015/lib -L/share/sw/licensed/intel/pstudio_xe_cluster-2015/composer_xe_2015.0.090/tbb/lib/intel64/gcc4.4 -L/share/sw/licensed/intel/pstudio_xe_cluster-2015/composer_xe_2015.0.090/mkl/lib/intel64 -L/share/sw/licensed/intel/pstudio_xe_cluster-2015/composer_xe_2015.0.090/compiler/lib/intel64 -L/share/sw/licensed/intel/pstudio_xe_cluster-2015/composer_xe_2015.0.090/ipp/lib/intel64 -Lshare/sw/licensed/intel/pstudio_xe_cluster-2015/composer_xe_2015.0.090/compiler/lib/intel64 -L/share/sw/licensed/intel/pstudio_xe_cluster-2015/composer_xe_2015.0.090/compiler/lib/intel64 -L/usr/lib/gcc/x86_64-redhat-linux/4.4.7/ -L/usr/lib/gcc/x86_64-redhat-linux/4.4.7/../../../../lib64 -L/usr/lib/gcc/x86_64-redhat-linux/4.4.7/../../../../lib64/ -L/lib/../lib64 -L/lib/../lib64/ -L/usr/lib/../lib64 -L/usr/lib/../lib64/ -L/share/sw/free/openmpi/1.8.7/intel/2015/lib/ -L/share/sw/licensed/intel/pstudio_xe_cluster-2015/composer_xe_2015.0.090/tbb/lib/intel64/gcc4.4/ -L/share/sw/licensed/intel/pstudio_xe_cluster-2015/composer_xe_2015.0.090/mkl/lib/intel64/ -L/share/sw/licensed/intel/pstudio_xe_cluster-2015/composer_xe_2015.0.090/compiler/lib/intel64/ -L/share/sw/licensed/intel/pstudio_xe_cluster-2015/composer_xe_2015.0.090/ipp/lib/intel64/ -L/usr/lib/gcc/x86_64-redhat-linux/4.4.7/../../../ -L/lib64 -L/lib/ -L/usr/lib64 -L/usr/lib /local-scratch/dasc/26689/ifortwNLfA1.o -Bdynamic -Bstatic -lifport -lifcore -limf -lsvml -Bdynamic -lm -Bstatic -lipgo -lirc -Bdynamic -lpthread -Bstatic -lsvml -Bdynamic -lc -lgcc -lgcc_s -Bstatic -lirc_s -Bdynamic -ldl -lc /usr/lib/gcc/x86_64-redhat-linux/4.4.7/crtend.o /usr/lib/gcc/x86_64-redhat-linux/4.4.7/../../../../lib64/crtn.o
configure:6213: result: -v
configure:6215: checking for Fortran 77 libraries of ifort
configure:6238: ifort -o conftest -xHost -mieee-fp -v conftest.f
ifort version 15.0.0
/share/sw/licensed/intel/pstudio_xe_cluster-2015/composer_xe_2015.0.090/bin/intel64/fortcom    -D__INTEL_COMPILER=1500 -D__INTEL_COMPILER_UPDATE=0 -D__unix__ -D__unix -D__linux__ -D__linux -D__gnu_linux__ -Dunix -Dlinux -D__ELF__ -D__x86_64 -D__x86_64__ -D__amd64 -D__amd64__ -D_MT -D__INTEL_COMPILER_BUILD_DATE=20140723 -D__INTEL_OFFLOAD -D__pentium4 -D__pentium4__ -D__tune_pentium4__ -D__SSE2__ -D__SSE2_MATH__ -D__SSE3__ -D__SSSE3__ -D__SSE4_1__ -D__SSE4_2__ -D__SSE__ -D__SSE_MATH__ -D__MMX__ -D__AVX__ -D__AVX_I__ -D__AVX2__ -mGLOB_pack_sort_init_list -I. -I/share/sw/free/openmpi/1.8.7/intel/2015/include -I/share/sw/licensed/intel/pstudio_xe_cluster-2015/composer_xe_2015.0.090/tbb/include -I/share/sw/licensed/intel/pstudio_xe_cluster-2015/composer_xe_2015.0.090/mkl/include -I/share/sw/licensed/intel/pstudio_xe_cluster-2015/composer_xe_2015.0.090/ipp/include -I/share/sw/licensed/intel/pstudio_xe_cluster-2015/composer_xe_2015.0.090/compiler/include/intel64 -I/share/sw/licensed/intel/pstudio_xe_cluster-2015/composer_xe_2015.0.090/compiler/include -I/usr/local/include -I/usr/lib/gcc/x86_64-redhat-linux/4.4.7/include -I/usr/include/ -I/usr/include "-fp_modspec fp_speculation_SAFE" "-fp_legacy Op" -O2 -simd -offload_host -mP1OPT_version=15.0-intel64 -mGLOB_diag_file=/local-scratch/dasc/26689/ifortU5zKEu.diag -mGLOB_source_language=GLOB_SOURCE_LANGUAGE_F90 -mP2OPT_static_promotion -mP1OPT_print_version=FALSE -mCG_use_gas_got_workaround=F -mP2OPT_align_option_used=TRUE -mGLOB_gcc_version=447 "-mGLOB_options_string=-o conftest -xHost -mieee-fp -v" -mGLOB_cxx_limited_range=FALSE -mCG_extend_parms=FALSE -mGLOB_compiler_bin_directory=/share/sw/licensed/intel/pstudio_xe_cluster-2015/composer_xe_2015.0.090/bin/intel64 -mGLOB_as_output_backup_file_name=/local-scratch/dasc/26689/ifortH2BeZOas_.s -mIPOPT_activate -mIPOPT_lite -mGLOB_em64t -mGLOB_instruction_tuning=0x0 -mGLOB_product_id_code=0x22006d8f -mCG_bnl_movbe=T -mGLOB_maintain_precision -mGLOB_fp_speculation=GLOB_FP_SPECULATION_SAFE -mGLOB_precision_mask=0xffffffff -mGLOB_extended_instructions=0x4000 -mGLOB_advanced_optim=TRUE -mP3OPT_use_mspp_call_convention -mP2OPT_subs_out_of_bound=FALSE -mGLOB_ansi_alias -mPGOPTI_value_profile_use=T -mGLOB_opt_report_use_source_name -mP2OPT_il0_array_sections=TRUE -mGLOB_offload_mode=1 -mP2OPT_offload_unique_var_string=ifort5521841538YvFAb -mP2OPT_hlo_level=2 -mP2OPT_hlo -mP2OPT_hpo_rtt_control=0 -mIPOPT_args_in_regs=0 -mP2OPT_disam_assume_nonstd_intent_in=FALSE -mGLOB_imf_mapping_library=/share/sw/licensed/intel/pstudio_xe_cluster-2015/composer_xe_2015.0.090/bin/intel64/libiml_attr.so -mIPOPT_single_file_compile_and_link=TRUE -mPGOPTI_gen_threadsafe_level=0 -mIPOPT_obj_output_file_name=/local-scratch/dasc/26689/ifortU5zKEu.o -mIPOPT_whole_archive_fixup_file_name=/local-scratch/dasc/26689/ifortwarch83QAk9 -mGLOB_linker_version=2.20.51.0.2 -mGLOB_long_size_64 -mGLOB_routine_pointer_size_64 -mGLOB_driver_tempfile_name=/local-scratch/dasc/26689/iforttempfilekp6wvj -mP3OPT_asm_target=P3OPT_ASM_TARGET_GAS -mGLOB_async_unwind_tables=TRUE -mGLOB_obj_output_file=/local-scratch/dasc/26689/ifortU5zKEu.o -mGLOB_source_dialect=GLOB_SOURCE_DIALECT_FORTRAN -mP1OPT_source_file_name=conftest.f -mP2OPT_symtab_type_copy=true conftest.f
#include "..." search starts here:
#include <...> search starts here:
 .
 /share/sw/free/openmpi/1.8.7/intel/2015/include
 /share/sw/licensed/intel/pstudio_xe_cluster-2015/composer_xe_2015.0.090/tbb/include
 /share/sw/licensed/intel/pstudio_xe_cluster-2015/composer_xe_2015.0.090/mkl/include
 /share/sw/licensed/intel/pstudio_xe_cluster-2015/composer_xe_2015.0.090/ipp/include
 /share/sw/licensed/intel/pstudio_xe_cluster-2015/composer_xe_2015.0.090/compiler/include/intel64
 /share/sw/licensed/intel/pstudio_xe_cluster-2015/composer_xe_2015.0.090/compiler/include
 /usr/local/include
 /usr/lib/gcc/x86_64-redhat-linux/4.4.7/include
 /usr/include/
 /usr/include
End of search list.
ld    /usr/lib/gcc/x86_64-redhat-linux/4.4.7/../../../../lib64/crt1.o /usr/lib/gcc/x86_64-redhat-linux/4.4.7/../../../../lib64/crti.o /usr/lib/gcc/x86_64-redhat-linux/4.4.7/crtbegin.o --eh-frame-hdr --build-id -dynamic-linker /lib64/ld-linux-x86-64.so.2 -m elf_x86_64 -o conftest /share/sw/licensed/intel/pstudio_xe_cluster-2015/composer_xe_2015.0.090/compiler/lib/intel64/for_main.o -L/share/sw/free/openmpi/1.8.7/intel/2015/lib -L/share/sw/licensed/intel/pstudio_xe_cluster-2015/composer_xe_2015.0.090/tbb/lib/intel64/gcc4.4 -L/share/sw/licensed/intel/pstudio_xe_cluster-2015/composer_xe_2015.0.090/mkl/lib/intel64 -L/share/sw/licensed/intel/pstudio_xe_cluster-2015/composer_xe_2015.0.090/compiler/lib/intel64 -L/share/sw/licensed/intel/pstudio_xe_cluster-2015/composer_xe_2015.0.090/ipp/lib/intel64 -Lshare/sw/licensed/intel/pstudio_xe_cluster-2015/composer_xe_2015.0.090/compiler/lib/intel64 -L/share/sw/licensed/intel/pstudio_xe_cluster-2015/composer_xe_2015.0.090/compiler/lib/intel64 -L/usr/lib/gcc/x86_64-redhat-linux/4.4.7/ -L/usr/lib/gcc/x86_64-redhat-linux/4.4.7/../../../../lib64 -L/usr/lib/gcc/x86_64-redhat-linux/4.4.7/../../../../lib64/ -L/lib/../lib64 -L/lib/../lib64/ -L/usr/lib/../lib64 -L/usr/lib/../lib64/ -L/share/sw/free/openmpi/1.8.7/intel/2015/lib/ -L/share/sw/licensed/intel/pstudio_xe_cluster-2015/composer_xe_2015.0.090/tbb/lib/intel64/gcc4.4/ -L/share/sw/licensed/intel/pstudio_xe_cluster-2015/composer_xe_2015.0.090/mkl/lib/intel64/ -L/share/sw/licensed/intel/pstudio_xe_cluster-2015/composer_xe_2015.0.090/compiler/lib/intel64/ -L/share/sw/licensed/intel/pstudio_xe_cluster-2015/composer_xe_2015.0.090/ipp/lib/intel64/ -L/usr/lib/gcc/x86_64-redhat-linux/4.4.7/../../../ -L/lib64 -L/lib/ -L/usr/lib64 -L/usr/lib /local-scratch/dasc/26689/ifortU5zKEu.o -Bdynamic -Bstatic -lifport -lifcore -limf -lsvml -Bdynamic -lm -Bstatic -lipgo -lirc -Bdynamic -lpthread -Bstatic -lsvml -Bdynamic -lc -lgcc -lgcc_s -Bstatic -lirc_s -Bdynamic -ldl -lc /usr/lib/gcc/x86_64-redhat-linux/4.4.7/crtend.o /usr/lib/gcc/x86_64-redhat-linux/4.4.7/../../../../lib64/crtn.o
configure:6415: result:  -L/share/sw/free/openmpi/1.8.7/intel/2015/lib -L/share/sw/licensed/intel/pstudio_xe_cluster-2015/composer_xe_2015.0.090/tbb/lib/intel64/gcc4.4 -L/share/sw/licensed/intel/pstudio_xe_cluster-2015/composer_xe_2015.0.090/mkl/lib/intel64 -L/share/sw/licensed/intel/pstudio_xe_cluster-2015/composer_xe_2015.0.090/compiler/lib/intel64 -L/share/sw/licensed/intel/pstudio_xe_cluster-2015/composer_xe_2015.0.090/ipp/lib/intel64 -Lshare/sw/licensed/intel/pstudio_xe_cluster-2015/composer_xe_2015.0.090/compiler/lib/intel64 -L/usr/lib/gcc/x86_64-redhat-linux/4.4.7/ -L/usr/lib/gcc/x86_64-redhat-linux/4.4.7/../../../../lib64 -L/usr/lib/gcc/x86_64-redhat-linux/4.4.7/../../../../lib64/ -L/lib/../lib64 -L/lib/../lib64/ -L/usr/lib/../lib64 -L/usr/lib/../lib64/ -L/share/sw/free/openmpi/1.8.7/intel/2015/lib/ -L/share/sw/licensed/intel/pstudio_xe_cluster-2015/composer_xe_2015.0.090/tbb/lib/intel64/gcc4.4/ -L/share/sw/licensed/intel/pstudio_xe_cluster-2015/composer_xe_2015.0.090/mkl/lib/intel64/ -L/share/sw/licensed/intel/pstudio_xe_cluster-2015/composer_xe_2015.0.090/compiler/lib/intel64/ -L/share/sw/licensed/intel/pstudio_xe_cluster-2015/composer_xe_2015.0.090/ipp/lib/intel64/ -L/usr/lib/gcc/x86_64-redhat-linux/4.4.7/../../../ -L/lib64 -L/lib/ -L/usr/lib64 -L/usr/lib -lifport -lifcore -limf -lsvml -lm -lipgo -lirc -lpthread -lirc_s -ldl
configure:6431: checking for dummy main to link with Fortran 77 libraries
configure:6475: icc -o conftest -xHost -mieee-fp   conftest.c   -L/share/sw/free/openmpi/1.8.7/intel/2015/lib -L/share/sw/licensed/intel/pstudio_xe_cluster-2015/composer_xe_2015.0.090/tbb/lib/intel64/gcc4.4 -L/share/sw/licensed/intel/pstudio_xe_cluster-2015/composer_xe_2015.0.090/mkl/lib/intel64 -L/share/sw/licensed/intel/pstudio_xe_cluster-2015/composer_xe_2015.0.090/compiler/lib/intel64 -L/share/sw/licensed/intel/pstudio_xe_cluster-2015/composer_xe_2015.0.090/ipp/lib/intel64 -Lshare/sw/licensed/intel/pstudio_xe_cluster-2015/composer_xe_2015.0.090/compiler/lib/intel64 -L/usr/lib/gcc/x86_64-redhat-linux/4.4.7/ -L/usr/lib/gcc/x86_64-redhat-linux/4.4.7/../../../../lib64 -L/usr/lib/gcc/x86_64-redhat-linux/4.4.7/../../../../lib64/ -L/lib/../lib64 -L/lib/../lib64/ -L/usr/lib/../lib64 -L/usr/lib/../lib64/ -L/share/sw/free/openmpi/1.8.7/intel/2015/lib/ -L/share/sw/licensed/intel/pstudio_xe_cluster-2015/composer_xe_2015.0.090/tbb/lib/intel64/gcc4.4/ -L/share/sw/licensed/intel/pstudio_xe_cluster-2015/composer_xe_2015.0.090/mkl/lib/intel64/ -L/share/sw/licensed/intel/pstudio_xe_cluster-2015/composer_xe_2015.0.090/compiler/lib/intel64/ -L/share/sw/licensed/intel/pstudio_xe_cluster-2015/composer_xe_2015.0.090/ipp/lib/intel64/ -L/usr/lib/gcc/x86_64-redhat-linux/4.4.7/../../../ -L/lib64 -L/lib/ -L/usr/lib64 -L/usr/lib -lifport -lifcore -limf -lsvml -lm -lipgo -lirc -lpthread -lirc_s -ldl >&5
configure:6482: $? = 0
configure:6570: result: none
configure:6609: checking for Fortran 77 name-mangling scheme
configure:6628: ifort -c -xHost -mieee-fp conftest.f >&5
configure:6635: $? = 0
configure:6690: icc -o conftest -xHost -mieee-fp   conftest.c cfortran_test.o   -L/share/sw/free/openmpi/1.8.7/intel/2015/lib -L/share/sw/licensed/intel/pstudio_xe_cluster-2015/composer_xe_2015.0.090/tbb/lib/intel64/gcc4.4 -L/share/sw/licensed/intel/pstudio_xe_cluster-2015/composer_xe_2015.0.090/mkl/lib/intel64 -L/share/sw/licensed/intel/pstudio_xe_cluster-2015/composer_xe_2015.0.090/compiler/lib/intel64 -L/share/sw/licensed/intel/pstudio_xe_cluster-2015/composer_xe_2015.0.090/ipp/lib/intel64 -Lshare/sw/licensed/intel/pstudio_xe_cluster-2015/composer_xe_2015.0.090/compiler/lib/intel64 -L/usr/lib/gcc/x86_64-redhat-linux/4.4.7/ -L/usr/lib/gcc/x86_64-redhat-linux/4.4.7/../../../../lib64 -L/usr/lib/gcc/x86_64-redhat-linux/4.4.7/../../../../lib64/ -L/lib/../lib64 -L/lib/../lib64/ -L/usr/lib/../lib64 -L/usr/lib/../lib64/ -L/share/sw/free/openmpi/1.8.7/intel/2015/lib/ -L/share/sw/licensed/intel/pstudio_xe_cluster-2015/composer_xe_2015.0.090/tbb/lib/intel64/gcc4.4/ -L/share/sw/licensed/intel/pstudio_xe_cluster-2015/composer_xe_2015.0.090/mkl/lib/intel64/ -L/share/sw/licensed/intel/pstudio_xe_cluster-2015/composer_xe_2015.0.090/compiler/lib/intel64/ -L/share/sw/licensed/intel/pstudio_xe_cluster-2015/composer_xe_2015.0.090/ipp/lib/intel64/ -L/usr/lib/gcc/x86_64-redhat-linux/4.4.7/../../../ -L/lib64 -L/lib/ -L/usr/lib64 -L/usr/lib -lifport -lifcore -limf -lsvml -lm -lipgo -lirc -lpthread -lirc_s -ldl >&5
/local-scratch/dasc/26689/iccEADzlH.o: In function `main':
conftest.c:(.text+0x17): undefined reference to `foobar'
configure:6697: $? = 1
configure: failed program was:
| /* confdefs.h.  */
| #define PACKAGE_NAME "ESPRESSO"
| #define PACKAGE_TARNAME "espresso"
| #define PACKAGE_VERSION "6.1"
| #define PACKAGE_STRING "ESPRESSO 6.1"
| #define PACKAGE_BUGREPORT ""
| #define STDC_HEADERS 1
| #define HAVE_SYS_TYPES_H 1
| #define HAVE_SYS_STAT_H 1
| #define HAVE_STDLIB_H 1
| #define HAVE_STRING_H 1
| #define HAVE_MEMORY_H 1
| #define HAVE_STRINGS_H 1
| #define HAVE_INTTYPES_H 1
| #define HAVE_STDINT_H 1
| #define HAVE_UNISTD_H 1
| #define SIZEOF_INT_P 8
| #define HAVE_MALLINFO 1
| /* end confdefs.h.  */
| 
| /* Override any GCC internal prototype to avoid an error.
|    Use char because int might match the return type of a GCC
|    builtin and then its argument prototype would still apply.  */
| #ifdef __cplusplus
| extern "C"
| #endif
| char foobar ();
| #ifdef F77_DUMMY_MAIN
| 
| #  ifdef __cplusplus
|      extern "C"
| #  endif
|    int F77_DUMMY_MAIN() { return 1; }
| 
| #endif
| int
| main ()
| {
| return foobar ();
|   ;
|   return 0;
| }
configure:6690: icc -o conftest -xHost -mieee-fp   conftest.c cfortran_test.o   -L/share/sw/free/openmpi/1.8.7/intel/2015/lib -L/share/sw/licensed/intel/pstudio_xe_cluster-2015/composer_xe_2015.0.090/tbb/lib/intel64/gcc4.4 -L/share/sw/licensed/intel/pstudio_xe_cluster-2015/composer_xe_2015.0.090/mkl/lib/intel64 -L/share/sw/licensed/intel/pstudio_xe_cluster-2015/composer_xe_2015.0.090/compiler/lib/intel64 -L/share/sw/licensed/intel/pstudio_xe_cluster-2015/composer_xe_2015.0.090/ipp/lib/intel64 -Lshare/sw/licensed/intel/pstudio_xe_cluster-2015/composer_xe_2015.0.090/compiler/lib/intel64 -L/usr/lib/gcc/x86_64-redhat-linux/4.4.7/ -L/usr/lib/gcc/x86_64-redhat-linux/4.4.7/../../../../lib64 -L/usr/lib/gcc/x86_64-redhat-linux/4.4.7/../../../../lib64/ -L/lib/../lib64 -L/lib/../lib64/ -L/usr/lib/../lib64 -L/usr/lib/../lib64/ -L/share/sw/free/openmpi/1.8.7/intel/2015/lib/ -L/share/sw/licensed/intel/pstudio_xe_cluster-2015/composer_xe_2015.0.090/tbb/lib/intel64/gcc4.4/ -L/share/sw/licensed/intel/pstudio_xe_cluster-2015/composer_xe_2015.0.090/mkl/lib/intel64/ -L/share/sw/licensed/intel/pstudio_xe_cluster-2015/composer_xe_2015.0.090/compiler/lib/intel64/ -L/share/sw/licensed/intel/pstudio_xe_cluster-2015/composer_xe_2015.0.090/ipp/lib/intel64/ -L/usr/lib/gcc/x86_64-redhat-linux/4.4.7/../../../ -L/lib64 -L/lib/ -L/usr/lib64 -L/usr/lib -lifport -lifcore -limf -lsvml -lm -lipgo -lirc -lpthread -lirc_s -ldl >&5
configure:6697: $? = 0
configure:6779: icc -o conftest -xHost -mieee-fp   conftest.c cfortran_test.o   -L/share/sw/free/openmpi/1.8.7/intel/2015/lib -L/share/sw/licensed/intel/pstudio_xe_cluster-2015/composer_xe_2015.0.090/tbb/lib/intel64/gcc4.4 -L/share/sw/licensed/intel/pstudio_xe_cluster-2015/composer_xe_2015.0.090/mkl/lib/intel64 -L/share/sw/licensed/intel/pstudio_xe_cluster-2015/composer_xe_2015.0.090/compiler/lib/intel64 -L/share/sw/licensed/intel/pstudio_xe_cluster-2015/composer_xe_2015.0.090/ipp/lib/intel64 -Lshare/sw/licensed/intel/pstudio_xe_cluster-2015/composer_xe_2015.0.090/compiler/lib/intel64 -L/usr/lib/gcc/x86_64-redhat-linux/4.4.7/ -L/usr/lib/gcc/x86_64-redhat-linux/4.4.7/../../../../lib64 -L/usr/lib/gcc/x86_64-redhat-linux/4.4.7/../../../../lib64/ -L/lib/../lib64 -L/lib/../lib64/ -L/usr/lib/../lib64 -L/usr/lib/../lib64/ -L/share/sw/free/openmpi/1.8.7/intel/2015/lib/ -L/share/sw/licensed/intel/pstudio_xe_cluster-2015/composer_xe_2015.0.090/tbb/lib/intel64/gcc4.4/ -L/share/sw/licensed/intel/pstudio_xe_cluster-2015/composer_xe_2015.0.090/mkl/lib/intel64/ -L/share/sw/licensed/intel/pstudio_xe_cluster-2015/composer_xe_2015.0.090/compiler/lib/intel64/ -L/share/sw/licensed/intel/pstudio_xe_cluster-2015/composer_xe_2015.0.090/ipp/lib/intel64/ -L/usr/lib/gcc/x86_64-redhat-linux/4.4.7/../../../ -L/lib64 -L/lib/ -L/usr/lib64 -L/usr/lib -lifport -lifcore -limf -lsvml -lm -lipgo -lirc -lpthread -lirc_s -ldl >&5
configure:6786: $? = 0
configure:6849: result: lower case, underscore, no extra underscore
configure:8061: checking for library containing dgemm
configure:8085: ifort -o conftest -xHost -mieee-fp  -nomodule -static-intel    conftest.f  >&5
/local-scratch/dasc/26689/ifortsmCf4j.o: In function `MAIN__':
conftest.f:(.text+0x21): undefined reference to `dgemm_'
configure:8092: $? = 1
configure: failed program was:
|       program main
|       call dgemm
|       end
configure:8085: ifort -o conftest -xHost -mieee-fp  -nomodule -static-intel    conftest.f -lmkl_intel_lp64 -lmkl_sequential -lmkl_core  >&5
configure:8092: $? = 0
configure:8123: result: -lmkl_intel_lp64
configure:9516: checking for library containing dspev
configure:9540: ifort -o conftest -xHost -mieee-fp  -nomodule -static-intel  conftest.f    -lmkl_intel_lp64  -lmkl_sequential -lmkl_core >&5
configure:9547: $? = 0
configure:9578: result: none required
configure:10063: checking FFT
configure:10630: checking for DftiComputeForward in -lmkl_intel_lp64
configure:10673: icc -o conftest -xHost -mieee-fp -xHost -mieee-fp    conftest.c -lmkl_intel_lp64   -lmkl_intel_lp64  -lmkl_sequential -lmkl_core -lm  >&5
/share/sw/licensed/intel/pstudio_xe_cluster-2015/composer_xe_2015.0.090/mkl/lib/intel64/libmkl_core.so: undefined reference to `pthread_mutex_trylock'
configure:10680: $? = 1
configure: failed program was:
| /* confdefs.h.  */
| #define PACKAGE_NAME "ESPRESSO"
| #define PACKAGE_TARNAME "espresso"
| #define PACKAGE_VERSION "6.1"
| #define PACKAGE_STRING "ESPRESSO 6.1"
| #define PACKAGE_BUGREPORT ""
| #define STDC_HEADERS 1
| #define HAVE_SYS_TYPES_H 1
| #define HAVE_SYS_STAT_H 1
| #define HAVE_STDLIB_H 1
| #define HAVE_STRING_H 1
| #define HAVE_MEMORY_H 1
| #define HAVE_STRINGS_H 1
| #define HAVE_INTTYPES_H 1
| #define HAVE_STDINT_H 1
| #define HAVE_UNISTD_H 1
| #define SIZEOF_INT_P 8
| #define HAVE_MALLINFO 1
| #define F77_FUNC(name,NAME) name ## _
| #define F77_FUNC_(name,NAME) name ## _
| /* end confdefs.h.  */
| 
| /* Override any GCC internal prototype to avoid an error.
|    Use char because int might match the return type of a GCC
|    builtin and then its argument prototype would still apply.  */
| #ifdef __cplusplus
| extern "C"
| #endif
| char DftiComputeForward ();
| #ifdef F77_DUMMY_MAIN
| 
| #  ifdef __cplusplus
|      extern "C"
| #  endif
|    int F77_DUMMY_MAIN() { return 1; }
| 
| #endif
| int
| main ()
| {
| return DftiComputeForward ();
|   ;
|   return 0;
| }
configure:10701: result: no
configure:11012: checking for library containing dfftw_execute_dft
configure:11036: ifort -o conftest -xHost -mieee-fp  -nomodule    conftest.f  >&5
/local-scratch/dasc/26689/ifort4kccJx.o: In function `MAIN__':
conftest.f:(.text+0x21): undefined reference to `dfftw_execute_dft_'
configure:11043: $? = 1
configure: failed program was:
|       program main
|       call dfftw_execute_dft
|       end
configure:11036: ifort -o conftest -xHost -mieee-fp  -nomodule    conftest.f -lfftw3 -lm  >&5
configure:11043: $? = 0
configure:11074: result: -lfftw3
configure:11103: ifort -c -xHost -mieee-fp  -nomodule conftest.f >&5
conftest.f(1): error #5149: Illegal character in statement label field  [i]
include "fftw3.f03"
^
conftest.f(1): error #5149: Illegal character in statement label field  [n]
include "fftw3.f03"
-^
conftest.f(1): error #5149: Illegal character in statement label field  [c]
include "fftw3.f03"
--^
conftest.f(1): error #5149: Illegal character in statement label field  [l]
include "fftw3.f03"
---^
conftest.f(1): error #5149: Illegal character in statement label field  [u]
include "fftw3.f03"
----^
conftest.f(1): error #5118: First statement in file must not be continued
include "fftw3.f03"
-----^
conftest.f(1): error #5144: Invalid character_kind_parameter. No underscore
include "fftw3.f03"
-------------------^
conftest.f(1): error #5082: Syntax error, found CHARACTER_CONSTANT 'fftw3.f03' when expecting one of: ( % [ : . = =>
include "fftw3.f03"
--------^
conftest.f(1): error #5082: Syntax error, found END-OF-FILE when expecting one of: <LABEL> <END-OF-STATEMENT> ; BLOCK PROGRAM BLOCKDATA MODULE INTEGER REAL COMPLEX ...
include "fftw3.f03"
-------------------^
compilation aborted for conftest.f (code 1)
configure:11110: $? = 1
configure: failed program was:
| include "fftw3.f03"
configure:11141: result:  -lfftw3 
configure:11169: checking MASS
configure:11487: result: 
configure:11518: checking for library containing mpi_init
configure:11542: mpif90 -o conftest -xHost -mieee-fp  -nomodule  conftest.f  >&5
configure:11549: $? = 0
configure:11580: result: none required
configure:11654: checking for library containing pdgemr2d
configure:11678: mpif90 -o conftest -xHost -mieee-fp  -nomodule  conftest.f  >&5
/local-scratch/dasc/26689/ifortkRvNL0.o: In function `MAIN__':
conftest.f:(.text+0x21): undefined reference to `pdgemr2d_'
configure:11685: $? = 1
configure: failed program was:
|       program main
|       call pdgemr2d
|       end
configure:11678: mpif90 -o conftest -xHost -mieee-fp  -nomodule  conftest.f  >&5
/local-scratch/dasc/26689/ifortAwNrVE.o: In function `MAIN__':
conftest.f:(.text+0x21): undefined reference to `pdgemr2d_'
configure:11685: $? = 1
configure: failed program was:
|       program main
|       call pdgemr2d
|       end
configure:11716: result: no
configure:11736: checking for library containing pdgemr2d
configure:11760: mpif90 -o conftest -xHost -mieee-fp  -nomodule  conftest.f -lmkl_blacs_lp64    -lmkl_intel_lp64  -lmkl_sequential -lmkl_core >&5
/local-scratch/dasc/26689/ifortbbnSMj.o: In function `MAIN__':
conftest.f:(.text+0x21): undefined reference to `pdgemr2d_'
configure:11767: $? = 1
configure: failed program was:
|       program main
|       call pdgemr2d
|       end
configure:11760: mpif90 -o conftest -xHost -mieee-fp  -nomodule  conftest.f -lmkl_scalapack_lp64  -lmkl_blacs_lp64    -lmkl_intel_lp64  -lmkl_sequential -lmkl_core >&5
configure:11767: $? = 0
configure:11798: result: -lmkl_scalapack_lp64
configure:12145: checking ELPA
configure:12194: result: 
configure:12482: checking for ranlib
configure:12498: found /usr/bin/ranlib
configure:12510: result: ranlib
configure:12536: checking for wget
configure:12552: found /usr/bin/wget
configure:12563: result: wget -O
configure:12765: creating ./config.status

## ---------------------- ##
## Running config.status. ##
## ---------------------- ##

This file was extended by ESPRESSO config.status 6.1, which was
generated by GNU Autoconf 2.63.  Invocation command line was

  CONFIG_FILES    = 
  CONFIG_HEADERS  = 
  CONFIG_LINKS    = 
  CONFIG_COMMANDS = 
  $ ./config.status 

on sherlock-ln04.stanford.edu

config.status:803: creating install/make_lapack.inc
config.status:803: creating include/fft_defs.h
config.status:803: creating include/configure.h
config.status:803: creating make.inc
config.status:803: creating configure.msg
config.status:803: creating install/make_wannier90.inc
config.status:803: creating include/c_defs.h

## ---------------- ##
## Cache variables. ##
## ---------------- ##

ac_cv_build=x86_64-pc-linux-gnu
ac_cv_c_compiler_gnu=yes
ac_cv_env_CC_set=set
ac_cv_env_CC_value=icc
ac_cv_env_CFLAGS_set=set
ac_cv_env_CFLAGS_value='-xHost -mieee-fp'
ac_cv_env_CPPFLAGS_set=
ac_cv_env_CPPFLAGS_value=
ac_cv_env_CPP_set=
ac_cv_env_CPP_value=
ac_cv_env_EXTLIB_FLAGS_set=
ac_cv_env_EXTLIB_FLAGS_value=
ac_cv_env_F77_set=set
ac_cv_env_F77_value=ifort
ac_cv_env_FCFLAGS_set=
ac_cv_env_FCFLAGS_value=
ac_cv_env_FC_set=set
ac_cv_env_FC_value=ifort
ac_cv_env_FFLAGS_set=set
ac_cv_env_FFLAGS_value='-xHost -mieee-fp'
ac_cv_env_LDFLAGS_set=
ac_cv_env_LDFLAGS_value=
ac_cv_env_LIBS_set=
ac_cv_env_LIBS_value=
ac_cv_env_build_alias_set=
ac_cv_env_build_alias_value=
ac_cv_env_host_alias_set=
ac_cv_env_host_alias_value=
ac_cv_env_target_alias_set=
ac_cv_env_target_alias_value=
ac_cv_f77_compiler_gnu=no
ac_cv_f77_dummy_main=none
ac_cv_f77_libs=' -L/share/sw/free/openmpi/1.8.7/intel/2015/lib -L/share/sw/licensed/intel/pstudio_xe_cluster-2015/composer_xe_2015.0.090/tbb/lib/intel64/gcc4.4 -L/share/sw/licensed/intel/pstudio_xe_cluster-2015/composer_xe_2015.0.090/mkl/lib/intel64 -L/share/sw/licensed/intel/pstudio_xe_cluster-2015/composer_xe_2015.0.090/compiler/lib/intel64 -L/share/sw/licensed/intel/pstudio_xe_cluster-2015/composer_xe_2015.0.090/ipp/lib/intel64 -Lshare/sw/licensed/intel/pstudio_xe_cluster-2015/composer_xe_2015.0.090/compiler/lib/intel64 -L/usr/lib/gcc/x86_64-redhat-linux/4.4.7/ -L/usr/lib/gcc/x86_64-redhat-linux/4.4.7/../../../../lib64 -L/usr/lib/gcc/x86_64-redhat-linux/4.4.7/../../../../lib64/ -L/lib/../lib64 -L/lib/../lib64/ -L/usr/lib/../lib64 -L/usr/lib/../lib64/ -L/share/sw/free/openmpi/1.8.7/intel/2015/lib/ -L/share/sw/licensed/intel/pstudio_xe_cluster-2015/composer_xe_2015.0.090/tbb/lib/intel64/gcc4.4/ -L/share/sw/licensed/intel/pstudio_xe_cluster-2015/composer_xe_2015.0.090/mkl/lib/intel64/ -L/share/sw/licensed/intel/pstudio_xe_cluster-2015/composer_xe_2015.0.090/compiler/lib/intel64/ -L/share/sw/licensed/intel/pstudio_xe_cluster-2015/composer_xe_2015.0.090/ipp/lib/intel64/ -L/usr/lib/gcc/x86_64-redhat-linux/4.4.7/../../../ -L/lib64 -L/lib/ -L/usr/lib64 -L/usr/lib -lifport -lifcore -limf -lsvml -lm -lipgo -lirc -lpthread -lirc_s -ldl'
ac_cv_f77_mangling='lower case, underscore, no extra underscore'
ac_cv_fc_compiler_gnu=no
ac_cv_fc_srcext_f90=none
ac_cv_fortran_dummy_main=none
ac_cv_header_inttypes_h=yes
ac_cv_header_malloc_h=yes
ac_cv_header_memory_h=yes
ac_cv_header_stdc=yes
ac_cv_header_stdint_h=yes
ac_cv_header_stdlib_h=yes
ac_cv_header_string_h=yes
ac_cv_header_strings_h=yes
ac_cv_header_sys_stat_h=yes
ac_cv_header_sys_types_h=yes
ac_cv_header_unistd_h=yes
ac_cv_lib_mkl_intel_lp64_DftiComputeForward=no
ac_cv_member_struct_mallinfo_arena=yes
ac_cv_objext=o
ac_cv_path_EGREP='/bin/grep -E'
ac_cv_path_GREP=/bin/grep
ac_cv_prog_CPP='icc -E'
ac_cv_prog_ac_ct_FC=mpif90
ac_cv_prog_cc_c89=
ac_cv_prog_cc_g=yes
ac_cv_prog_f77_g=yes
ac_cv_prog_f77_v=-v
ac_cv_prog_fc_g=yes
ac_cv_prog_make_make_set=yes
ac_cv_prog_ranlib=ranlib
ac_cv_prog_wget='wget -O'
ac_cv_search_dfftw_execute_dft=-lfftw3
ac_cv_search_dgemm=-lmkl_intel_lp64
ac_cv_search_dspev='none required'
ac_cv_search_mpi_init='none required'
ac_cv_search_pdgemr2d=-lmkl_scalapack_lp64
ac_cv_sizeof_int_p=8

## ----------------- ##
## Output variables. ##
## ----------------- ##

CC='icc'
CFLAGS='-xHost -mieee-fp'
CPP='icc -E'
CPPFLAGS='-xHost -mieee-fp'
Configured for compilation of parallel executables.'
DEFS='-DHAVE_CONFIG_H'
ECHO_C=''
ECHO_N='-n'
ECHO_T=''
EGREP='/bin/grep -E'
EXEEXT=''
EXTLIB_FLAGS=''
F77='mpif90'
FC='mpif90'
FCFLAGS='-g'
FCFLAGS_f90=''
FFLAGS='-xHost -mieee-fp  -nomodule'
FLIBS=' -L/share/sw/free/openmpi/1.8.7/intel/2015/lib -L/share/sw/licensed/intel/pstudio_xe_cluster-2015/composer_xe_2015.0.090/tbb/lib/intel64/gcc4.4 -L/share/sw/licensed/intel/pstudio_xe_cluster-2015/composer_xe_2015.0.090/mkl/lib/intel64 -L/share/sw/licensed/intel/pstudio_xe_cluster-2015/composer_xe_2015.0.090/compiler/lib/intel64 -L/share/sw/licensed/intel/pstudio_xe_cluster-2015/composer_xe_2015.0.090/ipp/lib/intel64 -Lshare/sw/licensed/intel/pstudio_xe_cluster-2015/composer_xe_2015.0.090/compiler/lib/intel64 -L/usr/lib/gcc/x86_64-redhat-linux/4.4.7/ -L/usr/lib/gcc/x86_64-redhat-linux/4.4.7/../../../../lib64 -L/usr/lib/gcc/x86_64-redhat-linux/4.4.7/../../../../lib64/ -L/lib/../lib64 -L/lib/../lib64/ -L/usr/lib/../lib64 -L/usr/lib/../lib64/ -L/share/sw/free/openmpi/1.8.7/intel/2015/lib/ -L/share/sw/licensed/intel/pstudio_xe_cluster-2015/composer_xe_2015.0.090/tbb/lib/intel64/gcc4.4/ -L/share/sw/licensed/intel/pstudio_xe_cluster-2015/composer_xe_2015.0.090/mkl/lib/intel64/ -L/share/sw/licensed/intel/pstudio_xe_cluster-2015/composer_xe_2015.0.090/compiler/lib/intel64/ -L/share/sw/licensed/intel/pstudio_xe_cluster-2015/composer_xe_2015.0.090/ipp/lib/intel64/ -L/usr/lib/gcc/x86_64-redhat-linux/4.4.7/../../../ -L/lib64 -L/lib/ -L/usr/lib64 -L/usr/lib -lifport -lifcore -limf -lsvml -lm -lipgo -lirc -lpthread -lirc_s -ldl'
GREP='/bin/grep'
LDFLAGS=''
LIBOBJS=''
LIBS='-lmkl_scalapack_lp64 -lmkl_blacs_lp64    -lmkl_intel_lp64  -lmkl_sequential -lmkl_core'
LTLIBOBJS=''
OBJEXT='o'
PACKAGE_BUGREPORT=''
PACKAGE_NAME='ESPRESSO'
PACKAGE_STRING='ESPRESSO 6.1'
PACKAGE_TARNAME='espresso'
PACKAGE_VERSION='6.1'
PATH_SEPARATOR=':'
SET_MAKE=''
SHELL='/bin/sh'
SIZEOF_INT_P='8'
ac_ct_CC=''
ac_ct_F77=''
ac_ct_FC='mpif90'
ar='ar'
arch='x86_64'
arflags='ruv'
bindir='${exec_prefix}/bin'
blas_libs='  -lmkl_intel_lp64  -lmkl_sequential -lmkl_core'
blas_libs_switch='external'
blas_line='BLAS_LIBS=  -lmkl_intel_lp64  -lmkl_sequential -lmkl_core'
build='x86_64-pc-linux-gnu'
build_alias=''
build_cpu='x86_64'
build_os='linux-gnu'
build_vendor='pc'
cc='icc'
cflags='-xHost -mieee-fp'
cpp='cpp'
cppflags='-P -traditional'
datadir='${datarootdir}'
datarootdir='${prefix}/share'
dflags=' -D__FFTW3 -D__MPI -D__SCALAPACK'
docdir='${datarootdir}/doc/${PACKAGE_TARNAME}'
dvidir='${docdir}'
elpa_libs=''
elpa_line='@delete@'
exec_prefix='${prefix}'
extlib_flags=''
f77='ifort'
f90='ifort'
f90flags='$(FFLAGS) -nomodule'
f90rule='$(MPIF90) $(F90FLAGS) -c $<'
fdflags='$(DFLAGS) $(MANUAL_DFLAGS)'
fflags='-xHost -mieee-fp'
fflags_nomain='-nofor_main'
fflags_noopt='-O0 -assume byterecl -g -traceback'
fft_libs=' -lfftw3 '
fft_line='FFT_LIBS= -lfftw3 '
hdf5_libs=''
hdf5_line=''
host_alias=''
htmldir='${docdir}'
iflags='-I$(TOPDIR)/include -I../include/'
imod='-I'
includedir='${prefix}/include'
infodir='${datarootdir}/info'
lapack_libs=''
lapack_libs_switch='external'
lapack_line='LAPACK_LIBS='
ld='mpif90'
ld_libs=''
ldflags='-static-intel '
libdir='${exec_prefix}/lib'
libexecdir='${exec_prefix}/libexec'
localedir='${datarootdir}/locale'
localstatedir='${prefix}/var'
mandir='${datarootdir}/man'
mass_libs=''
mass_line='@delete@'
mpi_libs=''
mpi_line='@delete@'
mpif90='mpif90'
oldincludedir='/usr/include'
parallel_report='Parallel environment detected successfully.\
pdfdir='${docdir}'
pre_fdflags='-fpp '
prefix='/scratch/users/dasc/Projects/Builds/OCEAN-HOME/qe-6.1'
program_transform_name='s,x,x,'
psdir='${docdir}'
ranlib='ranlib'
sbindir='${exec_prefix}/sbin'
scalapack_libs='-lmkl_scalapack_lp64 -lmkl_blacs_openmpi_lp64'
scalapack_line='SCALAPACK_LIBS=-lmkl_scalapack_lp64 -lmkl_blacs_openmpi_lp64'
sharedstatedir='${prefix}/com'
sysconfdir='${prefix}/etc'
target_alias=''
topdir='/scratch/users/dasc/Projects/Builds/OCEAN-HOME/qe-6.1'
wget='wget -O'

## ----------- ##
## confdefs.h. ##
## ----------- ##

#define PACKAGE_NAME "ESPRESSO"
#define PACKAGE_TARNAME "espresso"
#define PACKAGE_VERSION "6.1"
#define PACKAGE_STRING "ESPRESSO 6.1"
#define PACKAGE_BUGREPORT ""
#define STDC_HEADERS 1
#define HAVE_SYS_TYPES_H 1
#define HAVE_SYS_STAT_H 1
#define HAVE_STDLIB_H 1
#define HAVE_STRING_H 1
#define HAVE_MEMORY_H 1
#define HAVE_STRINGS_H 1
#define HAVE_INTTYPES_H 1
#define HAVE_STDINT_H 1
#define HAVE_UNISTD_H 1
#define SIZEOF_INT_P 8
#define HAVE_MALLINFO 1
#define F77_FUNC(name,NAME) name ## _
#define F77_FUNC_(name,NAME) name ## _

configure: exit 0
